# JRE version: OpenJDK Runtime Environment (8.0_242-b01) (build 1.8.0_242-release-1644-b01)
# Java VM: OpenJDK 64-Bit Server VM (25.242-b01 mixed mode windows-amd64 compressed oops)
Heap:
 PSYoungGen      total 256512K, used 144837K [0x00000000d5580000, 0x00000000e7d80000, 0x0000000100000000)
  eden space 215040K, 52% used [0x00000000d5580000,0x00000000dc464568,0x00000000e2780000)
  from space 41472K, 75% used [0x00000000e5180000,0x00000000e700d020,0x00000000e7a00000)
  to   space 43008K, 0% used [0x00000000e2780000,0x00000000e2780000,0x00000000e5180000)
 ParOldGen       total 384000K, used 46490K [0x0000000080000000, 0x0000000097700000, 0x00000000d5580000)
  object space 384000K, 12% used [0x0000000080000000,0x0000000082d66998,0x0000000097700000)
 Metaspace       used 108480K, capacity 115840K, committed 116504K, reserved 1150976K
  class space    used 13835K, capacity 15002K, committed 15144K, reserved 1048576K
GC Heap History (10 events):
Event: 8478.410 GC heap before
{Heap before GC invocations=45 (full 6):
 PSYoungGen      total 242176K, used 225740K [0x00000000d5580000, 0x00000000e6c00000, 0x0000000100000000)
  eden space 206336K, 100% used [0x00000000d5580000,0x00000000e1f00000,0x00000000e1f00000)
  from space 35840K, 54% used [0x00000000e4900000,0x00000000e5bf3178,0x00000000e6c00000)
  to   space 39424K, 0% used [0x00000000e1f00000,0x00000000e1f00000,0x00000000e4580000)
 ParOldGen       total 384000K, used 42195K [0x0000000080000000, 0x0000000097700000, 0x00000000d5580000)
  object space 384000K, 10% used [0x0000000080000000,0x0000000082934c60,0x0000000097700000)
 Metaspace       used 108262K, capacity 115866K, committed 115992K, reserved 1150976K
  class space    used 13843K, capacity 15055K, committed 15144K, reserved 1048576K
Event: 8478.425 GC heap after
Heap after GC invocations=45 (full 6):
 PSYoungGen      total 245760K, used 23490K [0x00000000d5580000, 0x00000000e7080000, 0x0000000100000000)
  eden space 206336K, 0% used [0x00000000d5580000,0x00000000d5580000,0x00000000e1f00000)
  from space 39424K, 59% used [0x00000000e1f00000,0x00000000e35f0a58,0x00000000e4580000)
  to   space 38912K, 0% used [0x00000000e4a80000,0x00000000e4a80000,0x00000000e7080000)
 ParOldGen       total 384000K, used 42203K [0x0000000080000000, 0x0000000097700000, 0x00000000d5580000)
  object space 384000K, 10% used [0x0000000080000000,0x0000000082936c60,0x0000000097700000)
 Metaspace       used 108262K, capacity 115866K, committed 115992K, reserved 1150976K
  class space    used 13843K, capacity 15055K, committed 15144K, reserved 1048576K
}
Event: 11402.378 GC heap before
{Heap before GC invocations=46 (full 6):
 PSYoungGen      total 245760K, used 168801K [0x00000000d5580000, 0x00000000e7080000, 0x0000000100000000)
  eden space 206336K, 70% used [0x00000000d5580000,0x00000000de367cc8,0x00000000e1f00000)
  from space 39424K, 59% used [0x00000000e1f00000,0x00000000e35f0a58,0x00000000e4580000)
  to   space 38912K, 0% used [0x00000000e4a80000,0x00000000e4a80000,0x00000000e7080000)
 ParOldGen       total 384000K, used 42203K [0x0000000080000000, 0x0000000097700000, 0x00000000d5580000)
  object space 384000K, 10% used [0x0000000080000000,0x0000000082936c60,0x0000000097700000)
 Metaspace       used 108361K, capacity 116038K, committed 116248K, reserved 1150976K
  class space    used 13846K, capacity 15089K, committed 15144K, reserved 1048576K
Event: 11402.428 GC heap after
Heap after GC invocations=46 (full 6):
 PSYoungGen      total 248832K, used 14524K [0x00000000d5580000, 0x00000000e6e80000, 0x0000000100000000)
  eden space 211968K, 0% used [0x00000000d5580000,0x00000000d5580000,0x00000000e2480000)
  from space 36864K, 39% used [0x00000000e4a80000,0x00000000e58af168,0x00000000e6e80000)
  to   space 37888K, 0% used [0x00000000e2480000,0x00000000e2480000,0x00000000e4980000)
 ParOldGen       total 384000K, used 42203K [0x0000000080000000, 0x0000000097700000, 0x00000000d5580000)
  object space 384000K, 10% used [0x0000000080000000,0x0000000082936c60,0x0000000097700000)
 Metaspace       used 108361K, capacity 116038K, committed 116248K, reserved 1150976K
  class space    used 13846K, capacity 15089K, committed 15144K, reserved 1048576K
}
Event: 11402.428 GC heap before
{Heap before GC invocations=47 (full 7):
 PSYoungGen      total 248832K, used 14524K [0x00000000d5580000, 0x00000000e6e80000, 0x0000000100000000)
  eden space 211968K, 0% used [0x00000000d5580000,0x00000000d5580000,0x00000000e2480000)
  from space 36864K, 39% used [0x00000000e4a80000,0x00000000e58af168,0x00000000e6e80000)
  to   space 37888K, 0% used [0x00000000e2480000,0x00000000e2480000,0x00000000e4980000)
 ParOldGen       total 384000K, used 42203K [0x0000000080000000, 0x0000000097700000, 0x00000000d5580000)
  object space 384000K, 10% used [0x0000000080000000,0x0000000082936c60,0x0000000097700000)
 Metaspace       used 108361K, capacity 116038K, committed 116248K, reserved 1150976K
  class space    used 13846K, capacity 15089K, committed 15144K, reserved 1048576K
Event: 11402.908 GC heap after
Heap after GC invocations=47 (full 7):
 PSYoungGen      total 248832K, used 0K [0x00000000d5580000, 0x00000000e6e80000, 0x0000000100000000)
  eden space 211968K, 0% used [0x00000000d5580000,0x00000000d5580000,0x00000000e2480000)
  from space 36864K, 0% used [0x00000000e4a80000,0x00000000e4a80000,0x00000000e6e80000)
  to   space 37888K, 0% used [0x00000000e2480000,0x00000000e2480000,0x00000000e4980000)
 ParOldGen       total 384000K, used 46474K [0x0000000080000000, 0x0000000097700000, 0x00000000d5580000)
  object space 384000K, 12% used [0x0000000080000000,0x0000000082d62998,0x0000000097700000)
 Metaspace       used 107524K, capacity 114606K, committed 116248K, reserved 1150976K
  class space    used 13711K, capacity 14837K, committed 15144K, reserved 1048576K
}
Event: 14530.605 GC heap before
{Heap before GC invocations=48 (full 7):
 PSYoungGen      total 248832K, used 210027K [0x00000000d5580000, 0x00000000e6e80000, 0x0000000100000000)
  eden space 211968K, 99% used [0x00000000d5580000,0x00000000e229ace0,0x00000000e2480000)
  from space 36864K, 0% used [0x00000000e4a80000,0x00000000e4a80000,0x00000000e6e80000)
  to   space 37888K, 0% used [0x00000000e2480000,0x00000000e2480000,0x00000000e4980000)
 ParOldGen       total 384000K, used 46474K [0x0000000080000000, 0x0000000097700000, 0x00000000d5580000)
  object space 384000K, 12% used [0x0000000080000000,0x0000000082d62998,0x0000000097700000)
 Metaspace       used 107824K, capacity 114986K, committed 116248K, reserved 1150976K
  class space    used 13752K, capacity 14913K, committed 15144K, reserved 1048576K
Event: 14530.650 GC heap after
Heap after GC invocations=48 (full 7):
 PSYoungGen      total 249856K, used 32808K [0x00000000d5580000, 0x00000000e7a00000, 0x0000000100000000)
  eden space 211968K, 0% used [0x00000000d5580000,0x00000000d5580000,0x00000000e2480000)
  from space 37888K, 86% used [0x00000000e2480000,0x00000000e448a050,0x00000000e4980000)
  to   space 41472K, 0% used [0x00000000e5180000,0x00000000e5180000,0x00000000e7a00000)
 ParOldGen       total 384000K, used 46482K [0x0000000080000000, 0x0000000097700000, 0x00000000d5580000)
  object space 384000K, 12% used [0x0000000080000000,0x0000000082d64998,0x0000000097700000)
 Metaspace       used 107824K, capacity 114986K, committed 116248K, reserved 1150976K
  class space    used 13752K, capacity 14913K, committed 15144K, reserved 1048576K
}
Event: 14550.421 GC heap before
{Heap before GC invocations=49 (full 7):
 PSYoungGen      total 249856K, used 244776K [0x00000000d5580000, 0x00000000e7a00000, 0x0000000100000000)
  eden space 211968K, 100% used [0x00000000d5580000,0x00000000e2480000,0x00000000e2480000)
  from space 37888K, 86% used [0x00000000e2480000,0x00000000e448a050,0x00000000e4980000)
  to   space 41472K, 0% used [0x00000000e5180000,0x00000000e5180000,0x00000000e7a00000)
 ParOldGen       total 384000K, used 46482K [0x0000000080000000, 0x0000000097700000, 0x00000000d5580000)
  object space 384000K, 12% used [0x0000000080000000,0x0000000082d64998,0x0000000097700000)
 Metaspace       used 108310K, capacity 115636K, committed 116504K, reserved 1150976K
  class space    used 13816K, capacity 14968K, committed 15144K, reserved 1048576K
Event: 14550.481 GC heap after
Heap after GC invocations=49 (full 7):
 PSYoungGen      total 256512K, used 31284K [0x00000000d5580000, 0x00000000e7d80000, 0x0000000100000000)
  eden space 215040K, 0% used [0x00000000d5580000,0x00000000d5580000,0x00000000e2780000)
  from space 41472K, 75% used [0x00000000e5180000,0x00000000e700d020,0x00000000e7a00000)
  to   space 43008K, 0% used [0x00000000e2780000,0x00000000e2780000,0x00000000e5180000)
 ParOldGen       total 384000K, used 46490K [0x0000000080000000, 0x0000000097700000, 0x00000000d5580000)
  object space 384000K, 12% used [0x0000000080000000,0x0000000082d66998,0x0000000097700000)
 Metaspace       used 108310K, capacity 115636K, committed 116504K, reserved 1150976K
  class space    used 13816K, capacity 14968K, committed 15144K, reserved 1048576K
}

